Nov 19, 2020 6:34:05 PM iiita.gproject.automaticelevatorsys.Initfinal initComponents
INFO: 
Weight in lift:591
Number of people:11
Floor no:3
Overall Status:People Entering & Exiting
Nov 19, 2020 6:34:08 PM iiita.gproject.automaticelevatorsys.Initfinal initComponents
INFO: 
Weight in lift:284
Number of people:5
Floor no:1
Overall Status:Power Drop
Nov 19, 2020 6:34:20 PM iiita.gproject.automaticelevatorsys.Initfinal initComponents
INFO: 
Weight in lift:499
Number of people:9
Floor no:0
Overall Status:People Entering & Exiting
Nov 19, 2020 6:34:23 PM iiita.gproject.automaticelevatorsys.Initfinal initComponents
INFO: 
Weight in lift:508
Number of people:10
Floor no:0
Overall Status:People Entering & Exiting
Nov 19, 2020 6:36:04 PM iiita.gproject.automaticelevatorsys.Initfinal initComponents
INFO: 
Weight in lift:377
Number of people:7
Floor no:2
Overall Status:People Entering & Exiting
Nov 19, 2020 6:36:07 PM iiita.gproject.automaticelevatorsys.Initfinal initComponents
INFO: 
Weight in lift:60
Number of people:1
Floor no:3
Overall Status:People Entering & Exiting
Nov 19, 2020 6:36:10 PM iiita.gproject.automaticelevatorsys.Initfinal initComponents
INFO: 
Weight in lift:320
Number of people:6
Floor no:2
Overall Status:People Entering & Exiting
Nov 19, 2020 6:36:13 PM iiita.gproject.automaticelevatorsys.Initfinal initComponents
INFO: 
Weight in lift:416
Number of people:8
Floor no:4
Overall Status:People Entering & Exiting
Nov 19, 2020 6:36:16 PM iiita.gproject.automaticelevatorsys.Initfinal initComponents
INFO: 
Weight in lift:1
Number of people:1
Floor no:0
Overall Status:People Entering & Exiting
Nov 19, 2020 6:36:19 PM iiita.gproject.automaticelevatorsys.Initfinal initComponents
INFO: 
Weight in lift:347
Number of people:6
Floor no:2
Overall Status:People Entering & Exiting
Nov 19, 2020 6:36:22 PM iiita.gproject.automaticelevatorsys.Initfinal initComponents
INFO: 
Weight in lift:148
Number of people:2
Floor no:1
Overall Status:Lift Moving
Nov 19, 2020 6:36:25 PM iiita.gproject.automaticelevatorsys.Initfinal initComponents
INFO: 
Weight in lift:894
Number of people:17
Floor no:2
Overall Status:Lift Capacity Exceeded
Nov 19, 2020 6:36:28 PM iiita.gproject.automaticelevatorsys.Initfinal initComponents
INFO: 
Weight in lift:113
Number of people:2
Floor no:0
Overall Status:People Entering & Exiting
Nov 19, 2020 6:36:31 PM iiita.gproject.automaticelevatorsys.Initfinal initComponents
INFO: 
Weight in lift:574
Number of people:11
Floor no:1
Overall Status:People Entering & Exiting
Nov 19, 2020 6:36:34 PM iiita.gproject.automaticelevatorsys.Initfinal initComponents
INFO: 
Weight in lift:512
Number of people:10
Floor no:1
Overall Status:People Entering & Exiting
Nov 19, 2020 6:36:37 PM iiita.gproject.automaticelevatorsys.Initfinal initComponents
INFO: 
Weight in lift:823
Number of people:16
Floor no:2
Overall Status:Lift Capacity Exceeded
Nov 19, 2020 6:36:40 PM iiita.gproject.automaticelevatorsys.Initfinal initComponents
INFO: 
Weight in lift:102
Number of people:2
Floor no:3
Overall Status:People Entering & Exiting
Nov 19, 2020 6:36:43 PM iiita.gproject.automaticelevatorsys.Initfinal initComponents
INFO: 
Weight in lift:456
Number of people:9
Floor no:2
Overall Status:People Entering & Exiting
Nov 19, 2020 6:36:46 PM iiita.gproject.automaticelevatorsys.Initfinal initComponents
INFO: 
Weight in lift:450
Number of people:9
Floor no:1
Overall Status:Lift Moving
Nov 19, 2020 6:36:49 PM iiita.gproject.automaticelevatorsys.Initfinal initComponents
INFO: 
Weight in lift:734
Number of people:14
Floor no:0
Overall Status:Lift Capacity Exceeded
Nov 19, 2020 6:36:52 PM iiita.gproject.automaticelevatorsys.Initfinal initComponents
INFO: 
Weight in lift:105
Number of people:2
Floor no:2
Overall Status:Lift Moving
Nov 19, 2020 6:36:55 PM iiita.gproject.automaticelevatorsys.Initfinal initComponents
INFO: 
Weight in lift:10
Number of people:1
Floor no:1
Overall Status:People Entering & Exiting
Nov 19, 2020 6:36:58 PM iiita.gproject.automaticelevatorsys.Initfinal initComponents
INFO: 
Weight in lift:236
Number of people:4
Floor no:0
Overall Status:People Entering & Exiting
Nov 19, 2020 6:37:01 PM iiita.gproject.automaticelevatorsys.Initfinal initComponents
INFO: 
Weight in lift:338
Number of people:6
Floor no:2
Overall Status:Lift Moving
Nov 19, 2020 6:37:04 PM iiita.gproject.automaticelevatorsys.Initfinal initComponents
INFO: 
Weight in lift:561
Number of people:11
Floor no:2
Overall Status:Lift Moving
Nov 19, 2020 6:37:07 PM iiita.gproject.automaticelevatorsys.Initfinal initComponents
INFO: 
Weight in lift:120
Number of people:2
Floor no:0
Overall Status:People Entering & Exiting
Nov 19, 2020 6:37:10 PM iiita.gproject.automaticelevatorsys.Initfinal initComponents
INFO: 
Weight in lift:805
Number of people:16
Floor no:1
Overall Status:Lift Capacity Exceeded
Nov 19, 2020 6:37:13 PM iiita.gproject.automaticelevatorsys.Initfinal initComponents
INFO: 
Weight in lift:420
Number of people:8
Floor no:4
Overall Status:People Entering & Exiting
Nov 19, 2020 6:37:16 PM iiita.gproject.automaticelevatorsys.Initfinal initComponents
INFO: 
Weight in lift:308
Number of people:6
Floor no:1
Overall Status:Power Drop
Nov 19, 2020 6:37:28 PM iiita.gproject.automaticelevatorsys.Initfinal initComponents
INFO: 
Weight in lift:583
Number of people:11
Floor no:3
Overall Status:People Entering & Exiting
Nov 19, 2020 6:37:31 PM iiita.gproject.automaticelevatorsys.Initfinal initComponents
INFO: 
Weight in lift:210
Number of people:4
Floor no:0
Overall Status:Power Drop
Nov 19, 2020 6:47:36 PM iiita.gproject.automaticelevatorsys.Initfinal initComponents
INFO: 
Weight in lift:413
Number of people:8
Floor no:2
Overall Status:Power Drop
Nov 19, 2020 6:47:39 PM iiita.gproject.automaticelevatorsys.Initfinal initComponents
INFO: 
Weight in lift:549
Number of people:10
Floor no:2
Overall Status:People Entering & Exiting
Nov 19, 2020 6:47:42 PM iiita.gproject.automaticelevatorsys.Initfinal initComponents
INFO: 
Weight in lift:4
Number of people:1
Floor no:4
Overall Status:Lift Moving
Nov 19, 2020 6:47:45 PM iiita.gproject.automaticelevatorsys.Initfinal initComponents
INFO: 
Weight in lift:237
Number of people:4
Floor no:2
Overall Status:People Entering & Exiting
Nov 19, 2020 6:49:03 PM iiita.gproject.automaticelevatorsys.Initfinal initComponents
INFO: 
Weight in lift:492
Number of people:9
Floor no:2
Overall Status:People Entering & Exiting
Nov 19, 2020 6:49:06 PM iiita.gproject.automaticelevatorsys.Initfinal initComponents
INFO: 
Weight in lift:306
Number of people:6
Floor no:2
Overall Status:People Entering & Exiting
Nov 19, 2020 6:49:09 PM iiita.gproject.automaticelevatorsys.Initfinal initComponents
INFO: 
Weight in lift:163
Number of people:3
Floor no:1
Overall Status:Lift Moving
Nov 19, 2020 6:49:12 PM iiita.gproject.automaticelevatorsys.Initfinal initComponents
INFO: 
Weight in lift:141
Number of people:2
Floor no:4
Overall Status:People Entering & Exiting
Nov 19, 2020 6:49:15 PM iiita.gproject.automaticelevatorsys.Initfinal initComponents
INFO: 
Weight in lift:163
Number of people:3
Floor no:2
Overall Status:People Entering & Exiting
Nov 19, 2020 6:49:18 PM iiita.gproject.automaticelevatorsys.Initfinal initComponents
INFO: 
Weight in lift:411
Number of people:8
Floor no:1
Overall Status:People Entering & Exiting
Nov 19, 2020 6:49:21 PM iiita.gproject.automaticelevatorsys.Initfinal initComponents
INFO: 
Weight in lift:101
Number of people:2
Floor no:3
Overall Status:People Entering & Exiting
Nov 19, 2020 6:49:24 PM iiita.gproject.automaticelevatorsys.Initfinal initComponents
INFO: 
Weight in lift:361
Number of people:7
Floor no:4
Overall Status:People Entering & Exiting
Nov 19, 2020 6:49:27 PM iiita.gproject.automaticelevatorsys.Initfinal initComponents
INFO: 
Weight in lift:303
Number of people:6
Floor no:3
Overall Status:People Entering & Exiting
Nov 19, 2020 6:49:30 PM iiita.gproject.automaticelevatorsys.Initfinal initComponents
INFO: 
Weight in lift:597
Number of people:11
Floor no:0
Overall Status:People Entering & Exiting
Nov 19, 2020 6:49:33 PM iiita.gproject.automaticelevatorsys.Initfinal initComponents
INFO: 
Weight in lift:18
Number of people:1
Floor no:2
Overall Status:People Entering & Exiting
Nov 19, 2020 6:49:36 PM iiita.gproject.automaticelevatorsys.Initfinal initComponents
INFO: 
Weight in lift:72
Number of people:1
Floor no:2
Overall Status:People Entering & Exiting
Nov 19, 2020 6:49:39 PM iiita.gproject.automaticelevatorsys.Initfinal initComponents
INFO: 
Weight in lift:407
Number of people:8
Floor no:0
Overall Status:People Entering & Exiting
Nov 19, 2020 6:49:42 PM iiita.gproject.automaticelevatorsys.Initfinal initComponents
INFO: 
Weight in lift:537
Number of people:10
Floor no:2
Overall Status:People Entering & Exiting
Nov 19, 2020 6:49:45 PM iiita.gproject.automaticelevatorsys.Initfinal initComponents
INFO: 
Weight in lift:157
Number of people:3
Floor no:3
Overall Status:People Entering & Exiting
Nov 19, 2020 6:49:48 PM iiita.gproject.automaticelevatorsys.Initfinal initComponents
INFO: 
Weight in lift:707
Number of people:14
Floor no:4
Overall Status:Lift Capacity Exceeded
Nov 19, 2020 6:49:51 PM iiita.gproject.automaticelevatorsys.Initfinal initComponents
INFO: 
Weight in lift:538
Number of people:10
Floor no:4
Overall Status:Lift Moving
Nov 19, 2020 6:49:54 PM iiita.gproject.automaticelevatorsys.Initfinal initComponents
INFO: 
Weight in lift:281
Number of people:5
Floor no:1
Overall Status:Lift Moving
Nov 19, 2020 6:49:57 PM iiita.gproject.automaticelevatorsys.Initfinal initComponents
INFO: 
Weight in lift:877
Number of people:17
Floor no:2
Overall Status:Lift Capacity Exceeded
Nov 19, 2020 6:50:00 PM iiita.gproject.automaticelevatorsys.Initfinal initComponents
INFO: 
Weight in lift:413
Number of people:8
Floor no:4
Overall Status:People Entering & Exiting
Nov 19, 2020 6:50:03 PM iiita.gproject.automaticelevatorsys.Initfinal initComponents
INFO: 
Weight in lift:168
Number of people:3
Floor no:1
Overall Status:Lift Moving
Nov 19, 2020 6:50:06 PM iiita.gproject.automaticelevatorsys.Initfinal initComponents
INFO: 
Weight in lift:350
Number of people:7
Floor no:3
Overall Status:People Entering & Exiting
Nov 19, 2020 6:50:09 PM iiita.gproject.automaticelevatorsys.Initfinal initComponents
INFO: 
Weight in lift:568
Number of people:11
Floor no:1
Overall Status:People Entering & Exiting
Nov 19, 2020 6:50:12 PM iiita.gproject.automaticelevatorsys.Initfinal initComponents
INFO: 
Weight in lift:433
Number of people:8
Floor no:1
Overall Status:People Entering & Exiting
Nov 19, 2020 6:50:15 PM iiita.gproject.automaticelevatorsys.Initfinal initComponents
INFO: 
Weight in lift:794
Number of people:15
Floor no:2
Overall Status:Lift Capacity Exceeded
Nov 19, 2020 6:50:18 PM iiita.gproject.automaticelevatorsys.Initfinal initComponents
INFO: 
Weight in lift:124
Number of people:2
Floor no:0
Overall Status:People Entering & Exiting
Nov 19, 2020 6:50:21 PM iiita.gproject.automaticelevatorsys.Initfinal initComponents
INFO: 
Weight in lift:753
Number of people:15
Floor no:1
Overall Status:Lift Capacity Exceeded
Nov 19, 2020 6:50:24 PM iiita.gproject.automaticelevatorsys.Initfinal initComponents
INFO: 
Weight in lift:329
Number of people:6
Floor no:2
Overall Status:People Entering & Exiting
Nov 19, 2020 6:50:27 PM iiita.gproject.automaticelevatorsys.Initfinal initComponents
INFO: 
Weight in lift:498
Number of people:9
Floor no:0
Overall Status:People Entering & Exiting
Nov 19, 2020 6:50:30 PM iiita.gproject.automaticelevatorsys.Initfinal initComponents
INFO: 
Weight in lift:457
Number of people:9
Floor no:4
Overall Status:Power Drop
Nov 19, 2020 6:50:36 PM iiita.gproject.automaticelevatorsys.Initfinal initComponents
INFO: 
Weight in lift:768
Number of people:15
Floor no:2
Overall Status:Lift Capacity Exceeded
Nov 19, 2020 6:50:39 PM iiita.gproject.automaticelevatorsys.Initfinal initComponents
INFO: 
Weight in lift:435
Number of people:8
Floor no:3
Overall Status:Power Drop
Nov 20, 2020 9:41:19 AM iiita.gproject.automaticelevatorsys.Initfinal initComponents
INFO: 
Weight in lift:367
Number of people:7
Floor no:0
Overall Status:Lift Moving
Nov 20, 2020 9:41:22 AM iiita.gproject.automaticelevatorsys.Initfinal initComponents
INFO: 
Weight in lift:896
Number of people:17
Floor no:2
Overall Status:Lift Capacity Exceeded
Nov 20, 2020 9:41:25 AM iiita.gproject.automaticelevatorsys.Initfinal initComponents
INFO: 
Weight in lift:473
Number of people:9
Floor no:3
Overall Status:People Entering & Exiting
Nov 20, 2020 9:41:28 AM iiita.gproject.automaticelevatorsys.Initfinal initComponents
INFO: 
Weight in lift:1
Number of people:1
Floor no:0
Overall Status:Lift Moving
Nov 20, 2020 9:41:31 AM iiita.gproject.automaticelevatorsys.Initfinal initComponents
INFO: 
Weight in lift:319
Number of people:6
Floor no:1
Overall Status:Lift Moving
Nov 20, 2020 9:41:34 AM iiita.gproject.automaticelevatorsys.Initfinal initComponents
INFO: 
Weight in lift:460
Number of people:9
Floor no:3
Overall Status:Lift Moving
Nov 20, 2020 9:41:37 AM iiita.gproject.automaticelevatorsys.Initfinal initComponents
INFO: 
Weight in lift:37
Number of people:1
Floor no:0
Overall Status:People Entering & Exiting
Nov 20, 2020 9:41:40 AM iiita.gproject.automaticelevatorsys.Initfinal initComponents
INFO: 
Weight in lift:597
Number of people:11
Floor no:3
Overall Status:People Entering & Exiting
Nov 20, 2020 9:41:43 AM iiita.gproject.automaticelevatorsys.Initfinal initComponents
INFO: 
Weight in lift:136
Number of people:2
Floor no:3
Overall Status:Lift Moving
Nov 20, 2020 9:41:46 AM iiita.gproject.automaticelevatorsys.Initfinal initComponents
INFO: 
Weight in lift:170
Number of people:3
Floor no:1
Overall Status:Power Drop
Nov 20, 2020 9:42:58 AM iiita.gproject.automaticelevatorsys.Initfinal initComponents
INFO: 
Weight in lift:390
Number of people:7
Floor no:1
Overall Status:People Entering & Exiting
Nov 20, 2020 9:43:01 AM iiita.gproject.automaticelevatorsys.Initfinal initComponents
INFO: 
Weight in lift:184
Number of people:3
Floor no:1
Overall Status:People Entering & Exiting
Nov 20, 2020 9:43:04 AM iiita.gproject.automaticelevatorsys.Initfinal initComponents
INFO: 
Weight in lift:400
Number of people:8
Floor no:1
Overall Status:People Entering & Exiting
Nov 20, 2020 9:43:07 AM iiita.gproject.automaticelevatorsys.Initfinal initComponents
INFO: 
Weight in lift:12
Number of people:1
Floor no:4
Overall Status:People Entering & Exiting
Nov 20, 2020 9:43:10 AM iiita.gproject.automaticelevatorsys.Initfinal initComponents
INFO: 
Weight in lift:208
Number of people:4
Floor no:4
Overall Status:People Entering & Exiting
Nov 20, 2020 9:43:13 AM iiita.gproject.automaticelevatorsys.Initfinal initComponents
INFO: 
Weight in lift:60
Number of people:1
Floor no:2
Overall Status:Power Drop
Nov 20, 2020 9:47:07 AM iiita.gproject.automaticelevatorsys.Initfinal initComponents
INFO: 
Weight in lift:147
Number of people:2
Floor no:3
Overall Status:People Entering & Exiting
Nov 20, 2020 9:47:10 AM iiita.gproject.automaticelevatorsys.Initfinal initComponents
INFO: 
Weight in lift:215
Number of people:4
Floor no:4
Overall Status:People Entering & Exiting
Nov 20, 2020 9:47:13 AM iiita.gproject.automaticelevatorsys.Initfinal initComponents
INFO: 
Weight in lift:95
Number of people:1
Floor no:4
Overall Status:People Entering & Exiting
Nov 20, 2020 9:47:16 AM iiita.gproject.automaticelevatorsys.Initfinal initComponents
INFO: 
Weight in lift:839
Number of people:16
Floor no:2
Overall Status:Lift Capacity Exceeded
Nov 20, 2020 9:47:19 AM iiita.gproject.automaticelevatorsys.Initfinal initComponents
INFO: 
Weight in lift:357
Number of people:7
Floor no:1
Overall Status:People Entering & Exiting
Nov 20, 2020 9:47:22 AM iiita.gproject.automaticelevatorsys.Initfinal initComponents
INFO: 
Weight in lift:194
Number of people:3
Floor no:2
Overall Status:People Entering & Exiting
Nov 20, 2020 9:47:25 AM iiita.gproject.automaticelevatorsys.Initfinal initComponents
INFO: 
Weight in lift:573
Number of people:11
Floor no:3
Overall Status:Power Drop
Nov 20, 2020 9:47:34 AM iiita.gproject.automaticelevatorsys.Initfinal initComponents
INFO: 
Weight in lift:137
Number of people:2
Floor no:3
Overall Status:People Entering & Exiting
Nov 20, 2020 9:47:37 AM iiita.gproject.automaticelevatorsys.Initfinal initComponents
INFO: 
Weight in lift:562
Number of people:11
Floor no:3
Overall Status:People Entering & Exiting
Nov 20, 2020 9:47:40 AM iiita.gproject.automaticelevatorsys.Initfinal initComponents
INFO: 
Weight in lift:534
Number of people:10
Floor no:3
Overall Status:People Entering & Exiting
Nov 20, 2020 9:47:43 AM iiita.gproject.automaticelevatorsys.Initfinal initComponents
INFO: 
Weight in lift:343
Number of people:6
Floor no:1
Overall Status:People Entering & Exiting
Nov 20, 2020 9:47:46 AM iiita.gproject.automaticelevatorsys.Initfinal initComponents
INFO: 
Weight in lift:18
Number of people:1
Floor no:1
Overall Status:Lift Moving
Nov 20, 2020 9:47:49 AM iiita.gproject.automaticelevatorsys.Initfinal initComponents
INFO: 
Weight in lift:60
Number of people:1
Floor no:0
Overall Status:People Entering & Exiting
Nov 20, 2020 9:53:43 AM iiita.gproject.automaticelevatorsys.Initfinal initComponents
INFO: 
Weight in lift:137
Number of people:2
Floor no:2
Overall Status:Lift Moving
Nov 20, 2020 9:53:46 AM iiita.gproject.automaticelevatorsys.Initfinal initComponents
INFO: 
Weight in lift:182
Number of people:3
Floor no:0
Overall Status:People Entering & Exiting
Nov 20, 2020 9:53:49 AM iiita.gproject.automaticelevatorsys.Initfinal initComponents
INFO: 
Weight in lift:98
Number of people:1
Floor no:3
Overall Status:Lift Moving
Nov 20, 2020 9:56:08 AM iiita.gproject.automaticelevatorsys.Initfinal initComponents
INFO: 
Weight in lift:595
Number of people:11
Floor no:2
Overall Status:Lift Moving
Nov 20, 2020 9:56:11 AM iiita.gproject.automaticelevatorsys.Initfinal initComponents
INFO: 
Weight in lift:568
Number of people:11
Floor no:0
Overall Status:People Entering & Exiting
Nov 20, 2020 9:56:14 AM iiita.gproject.automaticelevatorsys.Initfinal initComponents
INFO: 
Weight in lift:301
Number of people:6
Floor no:1
Overall Status:People Entering & Exiting
Nov 20, 2020 9:56:17 AM iiita.gproject.automaticelevatorsys.Initfinal initComponents
INFO: 
Weight in lift:55
Number of people:1
Floor no:1
Overall Status:People Entering & Exiting
Nov 20, 2020 9:56:20 AM iiita.gproject.automaticelevatorsys.Initfinal initComponents
INFO: 
Weight in lift:474
Number of people:9
Floor no:0
Overall Status:Lift Moving
Nov 20, 2020 9:56:23 AM iiita.gproject.automaticelevatorsys.Initfinal initComponents
INFO: 
Weight in lift:326
Number of people:6
Floor no:1
Overall Status:People Entering & Exiting
Nov 20, 2020 9:56:26 AM iiita.gproject.automaticelevatorsys.Initfinal initComponents
INFO: 
Weight in lift:784
Number of people:15
Floor no:3
Overall Status:Lift Capacity Exceeded
Nov 20, 2020 9:56:29 AM iiita.gproject.automaticelevatorsys.Initfinal initComponents
INFO: 
Weight in lift:186
Number of people:3
Floor no:1
Overall Status:People Entering & Exiting
Nov 20, 2020 9:56:32 AM iiita.gproject.automaticelevatorsys.Initfinal initComponents
INFO: 
Weight in lift:481
Number of people:9
Floor no:2
Overall Status:People Entering & Exiting
Nov 20, 2020 9:56:35 AM iiita.gproject.automaticelevatorsys.Initfinal initComponents
INFO: 
Weight in lift:259
Number of people:5
Floor no:1
Overall Status:People Entering & Exiting